INFO - 13:44:45: Start load sentences from file
INFO - 13:44:46: Count the number of cores in this computer
INFO - 13:44:46: Start training with min_count=20, window=2, size=300, sample=6e-05, alpha=0.03, min_alpha=0.0007, negative=20. sg=0, hs=0
INFO - 13:44:46: collecting all words and their counts
INFO - 13:44:46: PROGRESS: at sentence #0, processed 0 words, keeping 0 word types
INFO - 13:44:46: PROGRESS: at sentence #10000, processed 61706 words, keeping 9489 word types
INFO - 13:44:46: PROGRESS: at sentence #20000, processed 127335 words, keeping 14375 word types
INFO - 13:44:46: PROGRESS: at sentence #30000, processed 187806 words, keeping 17429 word types
INFO - 13:44:46: PROGRESS: at sentence #40000, processed 243313 words, keeping 20122 word types
INFO - 13:44:46: PROGRESS: at sentence #50000, processed 303159 words, keeping 22553 word types
INFO - 13:44:46: PROGRESS: at sentence #60000, processed 363906 words, keeping 24801 word types
INFO - 13:44:46: PROGRESS: at sentence #70000, processed 425373 words, keeping 26960 word types
INFO - 13:44:46: PROGRESS: at sentence #80000, processed 485501 words, keeping 28776 word types
INFO - 13:44:46: collected 29643 word types from a corpus of 523650 raw words and 85962 sentences
INFO - 13:44:46: Loading a fresh vocabulary
INFO - 13:44:46: effective_min_count=20 retains 3314 unique words (11% of original 29643, drops 26329)
INFO - 13:44:46: effective_min_count=20 leaves 437853 word corpus (83% of original 523650, drops 85797)
INFO - 13:44:46: deleting the raw counts dictionary of 29643 items
INFO - 13:44:46: sample=6e-05 downsamples 1205 most-common words
INFO - 13:44:46: downsampling leaves estimated 199414 word corpus (45.5% of prior 437853)
INFO - 13:44:46: estimated required memory for 3314 words and 300 dimensions: 9610600 bytes
INFO - 13:44:46: resetting layer weights
INFO - 13:44:47: training model with 3 workers on 3314 vocabulary and 300 features, using sg=0 hs=0 sample=6e-05 negative=20 window=2
INFO - 13:44:48: worker thread finished; awaiting finish of 2 more threads
INFO - 13:44:48: worker thread finished; awaiting finish of 1 more threads
INFO - 13:44:48: worker thread finished; awaiting finish of 0 more threads
INFO - 13:44:48: EPOCH - 1 : training on 523650 raw words (199230 effective words) took 1.0s, 201938 effective words/s
INFO - 13:44:49: worker thread finished; awaiting finish of 2 more threads
INFO - 13:44:49: worker thread finished; awaiting finish of 1 more threads
INFO - 13:44:49: worker thread finished; awaiting finish of 0 more threads
INFO - 13:44:49: EPOCH - 2 : training on 523650 raw words (199483 effective words) took 0.9s, 217293 effective words/s
INFO - 13:44:50: worker thread finished; awaiting finish of 2 more threads
INFO - 13:44:50: worker thread finished; awaiting finish of 1 more threads
INFO - 13:44:50: worker thread finished; awaiting finish of 0 more threads
INFO - 13:44:50: EPOCH - 3 : training on 523650 raw words (198993 effective words) took 0.9s, 210885 effective words/s
INFO - 13:44:51: EPOCH 4 - PROGRESS: at 90.03% examples, 178021 words/s, in_qsize 5, out_qsize 0
INFO - 13:44:51: worker thread finished; awaiting finish of 2 more threads
INFO - 13:44:51: worker thread finished; awaiting finish of 1 more threads
INFO - 13:44:51: worker thread finished; awaiting finish of 0 more threads
INFO - 13:44:51: EPOCH - 4 : training on 523650 raw words (199525 effective words) took 1.1s, 184025 effective words/s
INFO - 13:44:52: EPOCH 5 - PROGRESS: at 67.18% examples, 132860 words/s, in_qsize 5, out_qsize 0
INFO - 13:44:53: worker thread finished; awaiting finish of 2 more threads
INFO - 13:44:53: worker thread finished; awaiting finish of 1 more threads
INFO - 13:44:53: worker thread finished; awaiting finish of 0 more threads
INFO - 13:44:53: EPOCH - 5 : training on 523650 raw words (199104 effective words) took 1.6s, 124086 effective words/s
INFO - 13:44:54: EPOCH 6 - PROGRESS: at 78.53% examples, 154747 words/s, in_qsize 5, out_qsize 0
INFO - 13:44:54: worker thread finished; awaiting finish of 2 more threads
INFO - 13:44:54: worker thread finished; awaiting finish of 1 more threads
INFO - 13:44:54: worker thread finished; awaiting finish of 0 more threads
INFO - 13:44:54: EPOCH - 6 : training on 523650 raw words (199700 effective words) took 1.2s, 169357 effective words/s
INFO - 13:44:55: worker thread finished; awaiting finish of 2 more threads
INFO - 13:44:55: worker thread finished; awaiting finish of 1 more threads
INFO - 13:44:55: worker thread finished; awaiting finish of 0 more threads
INFO - 13:44:55: EPOCH - 7 : training on 523650 raw words (199005 effective words) took 0.9s, 210168 effective words/s
INFO - 13:44:56: EPOCH 8 - PROGRESS: at 86.13% examples, 166611 words/s, in_qsize 5, out_qsize 0
INFO - 13:44:56: worker thread finished; awaiting finish of 2 more threads
INFO - 13:44:56: worker thread finished; awaiting finish of 1 more threads
INFO - 13:44:56: worker thread finished; awaiting finish of 0 more threads
INFO - 13:44:56: EPOCH - 8 : training on 523650 raw words (199435 effective words) took 1.2s, 171195 effective words/s
INFO - 13:44:57: EPOCH 9 - PROGRESS: at 88.12% examples, 173586 words/s, in_qsize 5, out_qsize 0
INFO - 13:44:57: worker thread finished; awaiting finish of 2 more threads
INFO - 13:44:57: worker thread finished; awaiting finish of 1 more threads
INFO - 13:44:57: worker thread finished; awaiting finish of 0 more threads
INFO - 13:44:57: EPOCH - 9 : training on 523650 raw words (199393 effective words) took 1.1s, 181995 effective words/s
INFO - 13:44:58: EPOCH 10 - PROGRESS: at 90.03% examples, 176007 words/s, in_qsize 4, out_qsize 1
INFO - 13:44:58: worker thread finished; awaiting finish of 2 more threads
INFO - 13:44:58: worker thread finished; awaiting finish of 1 more threads
INFO - 13:44:58: worker thread finished; awaiting finish of 0 more threads
INFO - 13:44:58: EPOCH - 10 : training on 523650 raw words (199189 effective words) took 1.1s, 184289 effective words/s
INFO - 13:44:59: EPOCH 11 - PROGRESS: at 88.04% examples, 175038 words/s, in_qsize 5, out_qsize 0
INFO - 13:44:59: worker thread finished; awaiting finish of 2 more threads
INFO - 13:44:59: worker thread finished; awaiting finish of 1 more threads
INFO - 13:44:59: worker thread finished; awaiting finish of 0 more threads
INFO - 13:44:59: EPOCH - 11 : training on 523650 raw words (199159 effective words) took 1.1s, 181797 effective words/s
INFO - 13:45:00: worker thread finished; awaiting finish of 2 more threads
INFO - 13:45:00: worker thread finished; awaiting finish of 1 more threads
INFO - 13:45:00: EPOCH 12 - PROGRESS: at 100.00% examples, 199151 words/s, in_qsize 0, out_qsize 1
INFO - 13:45:00: worker thread finished; awaiting finish of 0 more threads
INFO - 13:45:00: EPOCH - 12 : training on 523650 raw words (199447 effective words) took 1.0s, 199088 effective words/s
INFO - 13:45:01: EPOCH 13 - PROGRESS: at 96.36% examples, 190624 words/s, in_qsize 2, out_qsize 1
INFO - 13:45:01: worker thread finished; awaiting finish of 2 more threads
INFO - 13:45:01: worker thread finished; awaiting finish of 1 more threads
INFO - 13:45:01: worker thread finished; awaiting finish of 0 more threads
INFO - 13:45:01: EPOCH - 13 : training on 523650 raw words (199701 effective words) took 1.0s, 195206 effective words/s
INFO - 13:45:02: worker thread finished; awaiting finish of 2 more threads
INFO - 13:45:02: worker thread finished; awaiting finish of 1 more threads
INFO - 13:45:02: worker thread finished; awaiting finish of 0 more threads
INFO - 13:45:02: EPOCH - 14 : training on 523650 raw words (199502 effective words) took 0.9s, 214556 effective words/s
INFO - 13:45:03: worker thread finished; awaiting finish of 2 more threads
INFO - 13:45:03: worker thread finished; awaiting finish of 1 more threads
INFO - 13:45:03: worker thread finished; awaiting finish of 0 more threads
INFO - 13:45:03: EPOCH - 15 : training on 523650 raw words (199033 effective words) took 1.0s, 202229 effective words/s
INFO - 13:45:04: EPOCH 16 - PROGRESS: at 90.03% examples, 178156 words/s, in_qsize 5, out_qsize 0
INFO - 13:45:05: worker thread finished; awaiting finish of 2 more threads
INFO - 13:45:05: worker thread finished; awaiting finish of 1 more threads
INFO - 13:45:05: worker thread finished; awaiting finish of 0 more threads
INFO - 13:45:05: EPOCH - 16 : training on 523650 raw words (199141 effective words) took 1.1s, 182776 effective words/s
INFO - 13:45:06: EPOCH 17 - PROGRESS: at 90.03% examples, 177215 words/s, in_qsize 5, out_qsize 0
INFO - 13:45:06: worker thread finished; awaiting finish of 2 more threads
INFO - 13:45:06: worker thread finished; awaiting finish of 1 more threads
INFO - 13:45:06: worker thread finished; awaiting finish of 0 more threads
INFO - 13:45:06: EPOCH - 17 : training on 523650 raw words (199318 effective words) took 1.1s, 182273 effective words/s
INFO - 13:45:07: EPOCH 18 - PROGRESS: at 74.72% examples, 147530 words/s, in_qsize 5, out_qsize 0
INFO - 13:45:07: worker thread finished; awaiting finish of 2 more threads
INFO - 13:45:07: worker thread finished; awaiting finish of 1 more threads
INFO - 13:45:07: worker thread finished; awaiting finish of 0 more threads
INFO - 13:45:07: EPOCH - 18 : training on 523650 raw words (199661 effective words) took 1.3s, 159177 effective words/s
INFO - 13:45:08: worker thread finished; awaiting finish of 2 more threads
INFO - 13:45:08: worker thread finished; awaiting finish of 1 more threads
INFO - 13:45:08: worker thread finished; awaiting finish of 0 more threads
INFO - 13:45:08: EPOCH - 19 : training on 523650 raw words (199306 effective words) took 1.0s, 203348 effective words/s
INFO - 13:45:09: EPOCH 20 - PROGRESS: at 88.12% examples, 164712 words/s, in_qsize 5, out_qsize 1
INFO - 13:45:09: worker thread finished; awaiting finish of 2 more threads
INFO - 13:45:09: worker thread finished; awaiting finish of 1 more threads
INFO - 13:45:09: worker thread finished; awaiting finish of 0 more threads
INFO - 13:45:09: EPOCH - 20 : training on 523650 raw words (199085 effective words) took 1.2s, 172023 effective words/s
INFO - 13:45:10: EPOCH 21 - PROGRESS: at 91.98% examples, 182473 words/s, in_qsize 5, out_qsize 0
INFO - 13:45:10: worker thread finished; awaiting finish of 2 more threads
INFO - 13:45:10: worker thread finished; awaiting finish of 1 more threads
INFO - 13:45:10: worker thread finished; awaiting finish of 0 more threads
INFO - 13:45:10: EPOCH - 21 : training on 523650 raw words (199039 effective words) took 1.1s, 186973 effective words/s
INFO - 13:45:11: EPOCH 22 - PROGRESS: at 80.43% examples, 158316 words/s, in_qsize 6, out_qsize 0
INFO - 13:45:11: worker thread finished; awaiting finish of 2 more threads
INFO - 13:45:11: worker thread finished; awaiting finish of 1 more threads
INFO - 13:45:11: worker thread finished; awaiting finish of 0 more threads
INFO - 13:45:11: EPOCH - 22 : training on 523650 raw words (199400 effective words) took 1.2s, 161562 effective words/s
INFO - 13:45:12: EPOCH 23 - PROGRESS: at 95.69% examples, 189877 words/s, in_qsize 3, out_qsize 0
INFO - 13:45:12: worker thread finished; awaiting finish of 2 more threads
INFO - 13:45:12: worker thread finished; awaiting finish of 1 more threads
INFO - 13:45:12: worker thread finished; awaiting finish of 0 more threads
INFO - 13:45:12: EPOCH - 23 : training on 523650 raw words (199119 effective words) took 1.0s, 193754 effective words/s
INFO - 13:45:13: worker thread finished; awaiting finish of 2 more threads
INFO - 13:45:13: worker thread finished; awaiting finish of 1 more threads
INFO - 13:45:13: worker thread finished; awaiting finish of 0 more threads
INFO - 13:45:13: EPOCH - 24 : training on 523650 raw words (199799 effective words) took 1.0s, 207603 effective words/s
INFO - 13:45:14: worker thread finished; awaiting finish of 2 more threads
INFO - 13:45:14: worker thread finished; awaiting finish of 1 more threads
INFO - 13:45:14: worker thread finished; awaiting finish of 0 more threads
INFO - 13:45:14: EPOCH - 25 : training on 523650 raw words (199391 effective words) took 0.9s, 211757 effective words/s
INFO - 13:45:15: worker thread finished; awaiting finish of 2 more threads
INFO - 13:45:15: worker thread finished; awaiting finish of 1 more threads
INFO - 13:45:15: worker thread finished; awaiting finish of 0 more threads
INFO - 13:45:15: EPOCH - 26 : training on 523650 raw words (199370 effective words) took 1.0s, 208538 effective words/s
INFO - 13:45:16: EPOCH 27 - PROGRESS: at 95.69% examples, 188323 words/s, in_qsize 3, out_qsize 0
INFO - 13:45:16: worker thread finished; awaiting finish of 2 more threads
INFO - 13:45:16: worker thread finished; awaiting finish of 1 more threads
INFO - 13:45:16: worker thread finished; awaiting finish of 0 more threads
INFO - 13:45:16: EPOCH - 27 : training on 523650 raw words (199311 effective words) took 1.0s, 193128 effective words/s
INFO - 13:45:17: worker thread finished; awaiting finish of 2 more threads
INFO - 13:45:17: worker thread finished; awaiting finish of 1 more threads
INFO - 13:45:17: worker thread finished; awaiting finish of 0 more threads
INFO - 13:45:17: EPOCH - 28 : training on 523650 raw words (199611 effective words) took 0.9s, 212197 effective words/s
INFO - 13:45:18: worker thread finished; awaiting finish of 2 more threads
INFO - 13:45:18: worker thread finished; awaiting finish of 1 more threads
INFO - 13:45:18: worker thread finished; awaiting finish of 0 more threads
INFO - 13:45:18: EPOCH - 29 : training on 523650 raw words (199269 effective words) took 0.9s, 210106 effective words/s
INFO - 13:45:19: worker thread finished; awaiting finish of 2 more threads
INFO - 13:45:19: worker thread finished; awaiting finish of 1 more threads
INFO - 13:45:19: EPOCH 30 - PROGRESS: at 100.00% examples, 196482 words/s, in_qsize 0, out_qsize 1
INFO - 13:45:19: worker thread finished; awaiting finish of 0 more threads
INFO - 13:45:19: EPOCH - 30 : training on 523650 raw words (199447 effective words) took 1.0s, 196424 effective words/s
INFO - 13:45:19: training on a 15709500 raw words (5980166 effective words) took 32.1s, 186318 effective words/s
INFO - 13:45:19: precomputing L2-norms of word weight vectors
WARNING - 13:45:19: vectors for words {'kearney'} are not present in the model, ignoring these words
INFO - 13:45:19: 

